
Wed Feb 13 10:21:59 NZDT 2008:- <?xml version="1.0" encoding="UTF-8"?>
<new-order-notification xmlns="http://checkout.google.com/schema/2" serial-number="648911182100943-00001-7">
  <timestamp>2008-02-12T21:21:57.000Z</timestamp>
  <shopping-cart>
    <items>
      <item>
        <item-name>item name</item-name>
        <item-description>item desc</item-description>
        <unit-price currency="GBP">10.0</unit-price>
        <quantity>12</quantity>
      </item>
    </items>
  </shopping-cart>
  <order-adjustment>
    <merchant-codes />
    <total-tax currency="GBP">0.0</total-tax>
    <shipping>
      <flat-rate-shipping-adjustment>
        <shipping-name>USPS Priority Mail</shipping-name>
        <shipping-cost currency="GBP">6.2</shipping-cost>
      </flat-rate-shipping-adjustment>
    </shipping>
    <adjustment-total currency="GBP">6.2</adjustment-total>
  </order-adjustment>
  <buyer-id>212841088095588</buyer-id>
  <google-order-number>648911182100943</google-order-number>
  <buyer-shipping-address>
    <contact-name>Zhimeng Han</contact-name>
    <company-name></company-name>
    <email>allenthelinuxer@gmail.com</email>
    <phone></phone>
    <fax></fax>
    <address1>19 Lincoln Ave</address1>
    <address2>Epuni</address2>
    <city>Lower Hutt</city>
    <country-code>NZ</country-code>
    <region></region>
    <postal-code>5011</postal-code>
  </buyer-shipping-address>
  <buyer-billing-address>
    <contact-name>Zhimeng Han</contact-name>
    <company-name></company-name>
    <email>allenthelinuxer@gmail.com</email>
    <phone></phone>
    <fax></fax>
    <address1>19 Lincoln Ave</address1>
    <address2>Epuni</address2>
    <city>Lower Hutt</city>
    <country-code>NZ</country-code>
    <region></region>
    <postal-code>5011</postal-code>
  </buyer-billing-address>
  <buyer-marketing-preferences>
    <email-allowed>true</email-allowed>
  </buyer-marketing-preferences>
  <order-total currency="GBP">126.2</order-total>
  <fulfillment-order-state>NEW</fulfillment-order-state>
  <financial-order-state>REVIEWING</financial-order-state>
</new-order-notification>



Wed Feb 13 10:21:59 NZDT 2008:- <?xml version="1.0" encoding="UTF-8"?><notification-acknowledgment xmlns="http://checkout.google.com/schema/2"/>

Wed Feb 13 10:23:15 NZDT 2008:- <?xml version="1.0" encoding="UTF-8"?>
<order-state-change-notification xmlns="http://checkout.google.com/schema/2" serial-number="648911182100943-00005-1">
  <timestamp>2008-02-12T21:23:14.000Z</timestamp>
  <google-order-number>648911182100943</google-order-number>
  <new-fulfillment-order-state>NEW</new-fulfillment-order-state>
  <new-financial-order-state>CHARGEABLE</new-financial-order-state>
  <previous-fulfillment-order-state>NEW</previous-fulfillment-order-state>
  <previous-financial-order-state>REVIEWING</previous-financial-order-state>
</order-state-change-notification>



Wed Feb 13 10:23:15 NZDT 2008:- <?xml version="1.0" encoding="UTF-8"?><notification-acknowledgment xmlns="http://checkout.google.com/schema/2"/>

Wed Feb 13 10:23:16 NZDT 2008:- <?xml version="1.0" encoding="UTF-8"?>
<risk-information-notification xmlns="http://checkout.google.com/schema/2" serial-number="648911182100943-00005-5">
  <timestamp>2008-02-12T21:23:14.000Z</timestamp>
  <google-order-number>648911182100943</google-order-number>
  <risk-information>
    <billing-address>
      <contact-name>Zhimeng Han</contact-name>
      <company-name></company-name>
      <email>allenthelinuxer@gmail.com</email>
      <phone></phone>
      <fax></fax>
      <address1>19 Lincoln Ave</address1>
      <address2>Epuni</address2>
      <city>Lower Hutt</city>
      <country-code>NZ</country-code>
      <region></region>
      <postal-code>5011</postal-code>
    </billing-address>
    <ip-address>202.20.3.109</ip-address>
    <eligible-for-protection>true</eligible-for-protection>
    <avs-response>Y</avs-response>
    <cvn-response>M</cvn-response>
    <partial-cc-number>2103</partial-cc-number>
    <buyer-account-age>63</buyer-account-age>
  </risk-information>
</risk-information-notification>



Wed Feb 13 10:23:16 NZDT 2008:- <?xml version="1.0" encoding="UTF-8"?><notification-acknowledgment xmlns="http://checkout.google.com/schema/2"/>

Wed Feb 13 10:38:24 NZDT 2008:- <?xml version="1.0" encoding="UTF-8"?>
<new-order-notification xmlns="http://checkout.google.com/schema/2" serial-number="775364904169248-00001-7">
  <timestamp>2008-02-12T21:38:22.000Z</timestamp>
  <shopping-cart>
    <items>
      <item>
        <item-name>item name</item-name>
        <item-description>item desc</item-description>
        <unit-price currency="GBP">10.0</unit-price>
        <quantity>12</quantity>
      </item>
    </items>
  </shopping-cart>
  <order-adjustment>
    <merchant-codes />
    <total-tax currency="GBP">0.0</total-tax>
    <shipping>
      <flat-rate-shipping-adjustment>
        <shipping-name>USPS Priority Mail</shipping-name>
        <shipping-cost currency="GBP">6.2</shipping-cost>
      </flat-rate-shipping-adjustment>
    </shipping>
    <adjustment-total currency="GBP">6.2</adjustment-total>
  </order-adjustment>
  <buyer-id>212841088095588</buyer-id>
  <google-order-number>775364904169248</google-order-number>
  <buyer-shipping-address>
    <contact-name>Zhimeng Han</contact-name>
    <company-name></company-name>
    <email>allenthelinuxer@gmail.com</email>
    <phone></phone>
    <fax></fax>
    <address1>19 Lincoln Ave</address1>
    <address2>Epuni</address2>
    <city>Lower Hutt</city>
    <country-code>NZ</country-code>
    <region></region>
    <postal-code>5011</postal-code>
  </buyer-shipping-address>
  <buyer-billing-address>
    <contact-name>Zhimeng Han</contact-name>
    <company-name></company-name>
    <email>allenthelinuxer@gmail.com</email>
    <phone></phone>
    <fax></fax>
    <address1>19 Lincoln Ave</address1>
    <address2>Epuni</address2>
    <city>Lower Hutt</city>
    <country-code>NZ</country-code>
    <region></region>
    <postal-code>5011</postal-code>
  </buyer-billing-address>
  <buyer-marketing-preferences>
    <email-allowed>true</email-allowed>
  </buyer-marketing-preferences>
  <order-total currency="GBP">126.2</order-total>
  <fulfillment-order-state>NEW</fulfillment-order-state>
  <financial-order-state>REVIEWING</financial-order-state>
</new-order-notification>



Wed Feb 13 10:38:24 NZDT 2008:- <?xml version="1.0" encoding="UTF-8"?><notification-acknowledgment xmlns="http://checkout.google.com/schema/2"/>

Wed Feb 13 10:39:47 NZDT 2008:- <?xml version="1.0" encoding="UTF-8"?>
<order-state-change-notification xmlns="http://checkout.google.com/schema/2" serial-number="775364904169248-00005-1">
  <timestamp>2008-02-12T21:39:45.000Z</timestamp>
  <google-order-number>775364904169248</google-order-number>
  <new-fulfillment-order-state>NEW</new-fulfillment-order-state>
  <new-financial-order-state>CHARGEABLE</new-financial-order-state>
  <previous-fulfillment-order-state>NEW</previous-fulfillment-order-state>
  <previous-financial-order-state>REVIEWING</previous-financial-order-state>
</order-state-change-notification>



Wed Feb 13 10:39:48 NZDT 2008:- <?xml version="1.0" encoding="UTF-8"?><notification-acknowledgment xmlns="http://checkout.google.com/schema/2"/>

Wed Feb 13 10:39:49 NZDT 2008:- <?xml version="1.0" encoding="UTF-8"?>
<risk-information-notification xmlns="http://checkout.google.com/schema/2" serial-number="775364904169248-00005-5">
  <timestamp>2008-02-12T21:39:45.000Z</timestamp>
  <google-order-number>775364904169248</google-order-number>
  <risk-information>
    <billing-address>
      <contact-name>Zhimeng Han</contact-name>
      <company-name></company-name>
      <email>allenthelinuxer@gmail.com</email>
      <phone></phone>
      <fax></fax>
      <address1>19 Lincoln Ave</address1>
      <address2>Epuni</address2>
      <city>Lower Hutt</city>
      <country-code>NZ</country-code>
      <region></region>
      <postal-code>5011</postal-code>
    </billing-address>
    <ip-address>202.20.3.109</ip-address>
    <eligible-for-protection>true</eligible-for-protection>
    <avs-response>Y</avs-response>
    <cvn-response>M</cvn-response>
    <partial-cc-number>2103</partial-cc-number>
    <buyer-account-age>63</buyer-account-age>
  </risk-information>
</risk-information-notification>



Wed Feb 13 10:39:49 NZDT 2008:- <?xml version="1.0" encoding="UTF-8"?><notification-acknowledgment xmlns="http://checkout.google.com/schema/2"/>

Wed Feb 13 10:46:22 NZDT 2008:- <?xml version="1.0" encoding="UTF-8"?>
<new-order-notification xmlns="http://checkout.google.com/schema/2" serial-number="363845710776612-00001-7">
  <timestamp>2008-02-12T21:46:21.000Z</timestamp>
  <shopping-cart>
    <items>
      <item>
        <item-name>item name</item-name>
        <item-description>item desc</item-description>
        <unit-price currency="GBP">10.0</unit-price>
        <quantity>12</quantity>
      </item>
    </items>
  </shopping-cart>
  <order-adjustment>
    <merchant-codes />
    <total-tax currency="GBP">0.0</total-tax>
    <shipping>
      <flat-rate-shipping-adjustment>
        <shipping-name>USPS Priority Mail</shipping-name>
        <shipping-cost currency="GBP">6.2</shipping-cost>
      </flat-rate-shipping-adjustment>
    </shipping>
    <adjustment-total currency="GBP">6.2</adjustment-total>
  </order-adjustment>
  <buyer-id>212841088095588</buyer-id>
  <google-order-number>363845710776612</google-order-number>
  <buyer-shipping-address>
    <contact-name>Zhimeng Han</contact-name>
    <company-name></company-name>
    <email>allenthelinuxer@gmail.com</email>
    <phone></phone>
    <fax></fax>
    <address1>19 Lincoln Ave</address1>
    <address2>Epuni</address2>
    <city>Lower Hutt</city>
    <country-code>NZ</country-code>
    <region></region>
    <postal-code>5011</postal-code>
  </buyer-shipping-address>
  <buyer-billing-address>
    <contact-name>Zhimeng Han</contact-name>
    <company-name></company-name>
    <email>allenthelinuxer@gmail.com</email>
    <phone></phone>
    <fax></fax>
    <address1>19 Lincoln Ave</address1>
    <address2>Epuni</address2>
    <city>Lower Hutt</city>
    <country-code>NZ</country-code>
    <region></region>
    <postal-code>5011</postal-code>
  </buyer-billing-address>
  <buyer-marketing-preferences>
    <email-allowed>true</email-allowed>
  </buyer-marketing-preferences>
  <order-total currency="GBP">126.2</order-total>
  <fulfillment-order-state>NEW</fulfillment-order-state>
  <financial-order-state>REVIEWING</financial-order-state>
</new-order-notification>



Wed Feb 13 10:47:17 NZDT 2008:- <?xml version="1.0" encoding="UTF-8"?>
<new-order-notification xmlns="http://checkout.google.com/schema/2" serial-number="608256324717829-00001-7">
  <timestamp>2008-02-12T21:47:16.000Z</timestamp>
  <shopping-cart>
    <items>
      <item>
        <item-name>item name</item-name>
        <item-description>item desc</item-description>
        <unit-price currency="GBP">10.0</unit-price>
        <quantity>12</quantity>
      </item>
    </items>
  </shopping-cart>
  <order-adjustment>
    <merchant-codes />
    <total-tax currency="GBP">0.0</total-tax>
    <shipping>
      <flat-rate-shipping-adjustment>
        <shipping-name>USPS Priority Mail</shipping-name>
        <shipping-cost currency="GBP">6.2</shipping-cost>
      </flat-rate-shipping-adjustment>
    </shipping>
    <adjustment-total currency="GBP">6.2</adjustment-total>
  </order-adjustment>
  <buyer-id>212841088095588</buyer-id>
  <google-order-number>608256324717829</google-order-number>
  <buyer-shipping-address>
    <contact-name>Zhimeng Han</contact-name>
    <company-name></company-name>
    <email>allenthelinuxer@gmail.com</email>
    <phone></phone>
    <fax></fax>
    <address1>19 Lincoln Ave</address1>
    <address2>Epuni</address2>
    <city>Lower Hutt</city>
    <country-code>NZ</country-code>
    <region></region>
    <postal-code>5011</postal-code>
  </buyer-shipping-address>
  <buyer-billing-address>
    <contact-name>Zhimeng Han</contact-name>
    <company-name></company-name>
    <email>allenthelinuxer@gmail.com</email>
    <phone></phone>
    <fax></fax>
    <address1>19 Lincoln Ave</address1>
    <address2>Epuni</address2>
    <city>Lower Hutt</city>
    <country-code>NZ</country-code>
    <region></region>
    <postal-code>5011</postal-code>
  </buyer-billing-address>
  <buyer-marketing-preferences>
    <email-allowed>true</email-allowed>
  </buyer-marketing-preferences>
  <order-total currency="GBP">126.2</order-total>
  <fulfillment-order-state>NEW</fulfillment-order-state>
  <financial-order-state>REVIEWING</financial-order-state>
</new-order-notification>



Wed Feb 13 10:47:45 NZDT 2008:- <?xml version="1.0" encoding="UTF-8"?>
<order-state-change-notification xmlns="http://checkout.google.com/schema/2" serial-number="363845710776612-00005-1">
  <timestamp>2008-02-12T21:47:44.000Z</timestamp>
  <google-order-number>363845710776612</google-order-number>
  <new-fulfillment-order-state>NEW</new-fulfillment-order-state>
  <new-financial-order-state>CHARGEABLE</new-financial-order-state>
  <previous-fulfillment-order-state>NEW</previous-fulfillment-order-state>
  <previous-financial-order-state>REVIEWING</previous-financial-order-state>
</order-state-change-notification>



Wed Feb 13 10:47:46 NZDT 2008:- <?xml version="1.0" encoding="UTF-8"?>
<risk-information-notification xmlns="http://checkout.google.com/schema/2" serial-number="363845710776612-00005-5">
  <timestamp>2008-02-12T21:47:44.000Z</timestamp>
  <google-order-number>363845710776612</google-order-number>
  <risk-information>
    <billing-address>
      <contact-name>Zhimeng Han</contact-name>
      <company-name></company-name>
      <email>allenthelinuxer@gmail.com</email>
      <phone></phone>
      <fax></fax>
      <address1>19 Lincoln Ave</address1>
      <address2>Epuni</address2>
      <city>Lower Hutt</city>
      <country-code>NZ</country-code>
      <region></region>
      <postal-code>5011</postal-code>
    </billing-address>
    <ip-address>202.20.3.109</ip-address>
    <eligible-for-protection>true</eligible-for-protection>
    <avs-response>Y</avs-response>
    <cvn-response>M</cvn-response>
    <partial-cc-number>2103</partial-cc-number>
    <buyer-account-age>63</buyer-account-age>
  </risk-information>
</risk-information-notification>



Wed Feb 13 10:48:32 NZDT 2008:- <?xml version="1.0" encoding="UTF-8"?>
<order-state-change-notification xmlns="http://checkout.google.com/schema/2" serial-number="608256324717829-00005-1">
  <timestamp>2008-02-12T21:48:31.000Z</timestamp>
  <google-order-number>608256324717829</google-order-number>
  <new-fulfillment-order-state>NEW</new-fulfillment-order-state>
  <new-financial-order-state>CHARGEABLE</new-financial-order-state>
  <previous-fulfillment-order-state>NEW</previous-fulfillment-order-state>
  <previous-financial-order-state>REVIEWING</previous-financial-order-state>
</order-state-change-notification>



Wed Feb 13 10:48:34 NZDT 2008:- <?xml version="1.0" encoding="UTF-8"?>
<risk-information-notification xmlns="http://checkout.google.com/schema/2" serial-number="608256324717829-00005-5">
  <timestamp>2008-02-12T21:48:31.000Z</timestamp>
  <google-order-number>608256324717829</google-order-number>
  <risk-information>
    <billing-address>
      <contact-name>Zhimeng Han</contact-name>
      <company-name></company-name>
      <email>allenthelinuxer@gmail.com</email>
      <phone></phone>
      <fax></fax>
      <address1>19 Lincoln Ave</address1>
      <address2>Epuni</address2>
      <city>Lower Hutt</city>
      <country-code>NZ</country-code>
      <region></region>
      <postal-code>5011</postal-code>
    </billing-address>
    <ip-address>202.20.3.109</ip-address>
    <eligible-for-protection>true</eligible-for-protection>
    <avs-response>Y</avs-response>
    <cvn-response>M</cvn-response>
    <partial-cc-number>2103</partial-cc-number>
    <buyer-account-age>63</buyer-account-age>
  </risk-information>
</risk-information-notification>



Wed Feb 13 11:01:04 NZDT 2008:- <?xml version="1.0" encoding="UTF-8"?>
<new-order-notification xmlns="http://checkout.google.com/schema/2" serial-number="631668347718891-00001-7">
  <timestamp>2008-02-12T22:01:03.000Z</timestamp>
  <shopping-cart>
    <items>
      <item>
        <item-name>item name</item-name>
        <item-description>item desc</item-description>
        <unit-price currency="GBP">10.0</unit-price>
        <quantity>12</quantity>
      </item>
    </items>
  </shopping-cart>
  <order-adjustment>
    <merchant-codes />
    <total-tax currency="GBP">0.0</total-tax>
    <shipping>
      <flat-rate-shipping-adjustment>
        <shipping-name>USPS Priority Mail</shipping-name>
        <shipping-cost currency="GBP">6.2</shipping-cost>
      </flat-rate-shipping-adjustment>
    </shipping>
    <adjustment-total currency="GBP">6.2</adjustment-total>
  </order-adjustment>
  <buyer-id>212841088095588</buyer-id>
  <google-order-number>631668347718891</google-order-number>
  <buyer-shipping-address>
    <contact-name>Zhimeng Han</contact-name>
    <company-name></company-name>
    <email>allenthelinuxer@gmail.com</email>
    <phone></phone>
    <fax></fax>
    <address1>19 Lincoln Ave</address1>
    <address2>Epuni</address2>
    <city>Lower Hutt</city>
    <country-code>NZ</country-code>
    <region></region>
    <postal-code>5011</postal-code>
  </buyer-shipping-address>
  <buyer-billing-address>
    <contact-name>Zhimeng Han</contact-name>
    <company-name></company-name>
    <email>allenthelinuxer@gmail.com</email>
    <phone></phone>
    <fax></fax>
    <address1>19 Lincoln Ave</address1>
    <address2>Epuni</address2>
    <city>Lower Hutt</city>
    <country-code>NZ</country-code>
    <region></region>
    <postal-code>5011</postal-code>
  </buyer-billing-address>
  <buyer-marketing-preferences>
    <email-allowed>true</email-allowed>
  </buyer-marketing-preferences>
  <order-total currency="GBP">126.2</order-total>
  <fulfillment-order-state>NEW</fulfillment-order-state>
  <financial-order-state>REVIEWING</financial-order-state>
</new-order-notification>



Wed Feb 13 11:02:12 NZDT 2008:- <?xml version="1.0" encoding="UTF-8"?>
<order-state-change-notification xmlns="http://checkout.google.com/schema/2" serial-number="631668347718891-00005-1">
  <timestamp>2008-02-12T22:02:10.000Z</timestamp>
  <google-order-number>631668347718891</google-order-number>
  <new-fulfillment-order-state>NEW</new-fulfillment-order-state>
  <new-financial-order-state>CHARGEABLE</new-financial-order-state>
  <previous-fulfillment-order-state>NEW</previous-fulfillment-order-state>
  <previous-financial-order-state>REVIEWING</previous-financial-order-state>
</order-state-change-notification>



Wed Feb 13 11:02:15 NZDT 2008:- <?xml version="1.0" encoding="UTF-8"?>
<risk-information-notification xmlns="http://checkout.google.com/schema/2" serial-number="631668347718891-00005-5">
  <timestamp>2008-02-12T22:02:10.000Z</timestamp>
  <google-order-number>631668347718891</google-order-number>
  <risk-information>
    <billing-address>
      <contact-name>Zhimeng Han</contact-name>
      <company-name></company-name>
      <email>allenthelinuxer@gmail.com</email>
      <phone></phone>
      <fax></fax>
      <address1>19 Lincoln Ave</address1>
      <address2>Epuni</address2>
      <city>Lower Hutt</city>
      <country-code>NZ</country-code>
      <region></region>
      <postal-code>5011</postal-code>
    </billing-address>
    <ip-address>202.20.3.109</ip-address>
    <eligible-for-protection>true</eligible-for-protection>
    <avs-response>Y</avs-response>
    <cvn-response>M</cvn-response>
    <partial-cc-number>2103</partial-cc-number>
    <buyer-account-age>63</buyer-account-age>
  </risk-information>
</risk-information-notification>



Wed Feb 13 12:04:21 NZDT 2008:- <?xml version="1.0" encoding="UTF-8"?>
<new-order-notification xmlns="http://checkout.google.com/schema/2" serial-number="554833387081172-00001-7">
  <timestamp>2008-02-12T23:04:20.000Z</timestamp>
  <shopping-cart>
    <items>
      <item>
        <item-name>item name</item-name>
        <item-description>item desc</item-description>
        <unit-price currency="GBP">10.0</unit-price>
        <quantity>12</quantity>
      </item>
    </items>
  </shopping-cart>
  <order-adjustment>
    <merchant-codes />
    <total-tax currency="GBP">0.0</total-tax>
    <shipping>
      <flat-rate-shipping-adjustment>
        <shipping-name>USPS Priority Mail</shipping-name>
        <shipping-cost currency="GBP">6.2</shipping-cost>
      </flat-rate-shipping-adjustment>
    </shipping>
    <adjustment-total currency="GBP">6.2</adjustment-total>
  </order-adjustment>
  <buyer-id>212841088095588</buyer-id>
  <google-order-number>554833387081172</google-order-number>
  <buyer-shipping-address>
    <contact-name>Zhimeng Han</contact-name>
    <company-name></company-name>
    <email>allenthelinuxer@gmail.com</email>
    <phone></phone>
    <fax></fax>
    <address1>19 Lincoln Ave</address1>
    <address2>Epuni</address2>
    <city>Lower Hutt</city>
    <country-code>NZ</country-code>
    <region></region>
    <postal-code>5011</postal-code>
  </buyer-shipping-address>
  <buyer-billing-address>
    <contact-name>Zhimeng Han</contact-name>
    <company-name></company-name>
    <email>allenthelinuxer@gmail.com</email>
    <phone></phone>
    <fax></fax>
    <address1>19 Lincoln Ave</address1>
    <address2>Epuni</address2>
    <city>Lower Hutt</city>
    <country-code>NZ</country-code>
    <region></region>
    <postal-code>5011</postal-code>
  </buyer-billing-address>
  <buyer-marketing-preferences>
    <email-allowed>true</email-allowed>
  </buyer-marketing-preferences>
  <order-total currency="GBP">126.2</order-total>
  <fulfillment-order-state>NEW</fulfillment-order-state>
  <financial-order-state>REVIEWING</financial-order-state>
</new-order-notification>



Wed Feb 13 12:04:51 NZDT 2008:- <?xml version="1.0" encoding="UTF-8"?>
<new-order-notification xmlns="http://checkout.google.com/schema/2" serial-number="435528786831772-00001-7">
  <timestamp>2008-02-03T21:08:40.000Z</timestamp>
  <shopping-cart>
    <items>
      <item>
        <item-name>item name</item-name>
        <item-description>item desc</item-description>
        <unit-price currency="GBP">10.0</unit-price>
        <quantity>12</quantity>
      </item>
    </items>
  </shopping-cart>
  <order-adjustment>
    <merchant-codes />
    <total-tax currency="GBP">0.0</total-tax>
    <shipping>
      <flat-rate-shipping-adjustment>
        <shipping-name>USPS Priority Mail</shipping-name>
        <shipping-cost currency="GBP">6.2</shipping-cost>
      </flat-rate-shipping-adjustment>
    </shipping>
    <adjustment-total currency="GBP">6.2</adjustment-total>
  </order-adjustment>
  <buyer-id>212841088095588</buyer-id>
  <google-order-number>435528786831772</google-order-number>
  <buyer-shipping-address>
    <contact-name>Zhimeng Han</contact-name>
    <company-name></company-name>
    <email>allenthelinuxer@gmail.com</email>
    <phone></phone>
    <fax></fax>
    <address1>19 Lincoln Ave</address1>
    <address2>Epuni</address2>
    <city>Lower Hutt</city>
    <country-code>NZ</country-code>
    <region></region>
    <postal-code>5011</postal-code>
  </buyer-shipping-address>
  <buyer-billing-address>
    <contact-name>Zhimeng Han</contact-name>
    <company-name></company-name>
    <email>allenthelinuxer@gmail.com</email>
    <phone></phone>
    <fax></fax>
    <address1>19 Lincoln Ave</address1>
    <address2>Epuni</address2>
    <city>Lower Hutt</city>
    <country-code>NZ</country-code>
    <region></region>
    <postal-code>5011</postal-code>
  </buyer-billing-address>
  <buyer-marketing-preferences>
    <email-allowed>true</email-allowed>
  </buyer-marketing-preferences>
  <order-total currency="GBP">126.2</order-total>
  <fulfillment-order-state>NEW</fulfillment-order-state>
  <financial-order-state>REVIEWING</financial-order-state>
</new-order-notification>



Wed Feb 13 12:04:52 NZDT 2008:- <?xml version="1.0" encoding="UTF-8"?>
<order-state-change-notification xmlns="http://checkout.google.com/schema/2" serial-number="435528786831772-00005-1">
  <timestamp>2008-02-03T21:09:48.000Z</timestamp>
  <google-order-number>435528786831772</google-order-number>
  <new-fulfillment-order-state>NEW</new-fulfillment-order-state>
  <new-financial-order-state>CHARGEABLE</new-financial-order-state>
  <previous-fulfillment-order-state>NEW</previous-fulfillment-order-state>
  <previous-financial-order-state>REVIEWING</previous-financial-order-state>
</order-state-change-notification>



Wed Feb 13 12:04:54 NZDT 2008:- <?xml version="1.0" encoding="UTF-8"?>
<risk-information-notification xmlns="http://checkout.google.com/schema/2" serial-number="435528786831772-00005-5">
  <timestamp>2008-02-03T21:09:48.000Z</timestamp>
  <google-order-number>435528786831772</google-order-number>
  <risk-information>
    <billing-address>
      <contact-name>Zhimeng Han</contact-name>
      <company-name></company-name>
      <email>allenthelinuxer@gmail.com</email>
      <phone></phone>
      <fax></fax>
      <address1>19 Lincoln Ave</address1>
      <address2>Epuni</address2>
      <city>Lower Hutt</city>
      <country-code>NZ</country-code>
      <region></region>
      <postal-code>5011</postal-code>
    </billing-address>
    <ip-address>202.20.3.109</ip-address>
    <eligible-for-protection>true</eligible-for-protection>
    <avs-response>Y</avs-response>
    <cvn-response>M</cvn-response>
    <partial-cc-number>2103</partial-cc-number>
    <buyer-account-age>54</buyer-account-age>
  </risk-information>
</risk-information-notification>



Wed Feb 13 12:04:54 NZDT 2008:- <?xml version="1.0" encoding="UTF-8"?>
<order-state-change-notification xmlns="http://checkout.google.com/schema/2" serial-number="664817770037408-00005-1">
  <timestamp>2008-02-12T23:04:52.000Z</timestamp>
  <google-order-number>664817770037408</google-order-number>
  <new-fulfillment-order-state>NEW</new-fulfillment-order-state>
  <new-financial-order-state>CHARGEABLE</new-financial-order-state>
  <previous-fulfillment-order-state>NEW</previous-fulfillment-order-state>
  <previous-financial-order-state>REVIEWING</previous-financial-order-state>
</order-state-change-notification>



Wed Feb 13 12:04:55 NZDT 2008:- <?xml version="1.0" encoding="UTF-8"?>
<risk-information-notification xmlns="http://checkout.google.com/schema/2" serial-number="664817770037408-00005-5">
  <timestamp>2008-02-12T23:04:52.000Z</timestamp>
  <google-order-number>664817770037408</google-order-number>
  <risk-information>
    <billing-address>
      <contact-name>Zhimeng Han</contact-name>
      <company-name></company-name>
      <email>allenthelinuxer@gmail.com</email>
      <phone></phone>
      <fax></fax>
      <address1>19 Lincoln Ave</address1>
      <address2>Epuni</address2>
      <city>Lower Hutt</city>
      <country-code>NZ</country-code>
      <region></region>
      <postal-code>5011</postal-code>
    </billing-address>
    <ip-address>202.20.3.109</ip-address>
    <eligible-for-protection>true</eligible-for-protection>
    <avs-response>Y</avs-response>
    <cvn-response>M</cvn-response>
    <partial-cc-number>2103</partial-cc-number>
    <buyer-account-age>63</buyer-account-age>
  </risk-information>
</risk-information-notification>



Wed Feb 13 12:05:40 NZDT 2008:- <?xml version="1.0" encoding="UTF-8"?>
<order-state-change-notification xmlns="http://checkout.google.com/schema/2" serial-number="554833387081172-00005-1">
  <timestamp>2008-02-12T23:05:39.000Z</timestamp>
  <google-order-number>554833387081172</google-order-number>
  <new-fulfillment-order-state>NEW</new-fulfillment-order-state>
  <new-financial-order-state>CHARGEABLE</new-financial-order-state>
  <previous-fulfillment-order-state>NEW</previous-fulfillment-order-state>
  <previous-financial-order-state>REVIEWING</previous-financial-order-state>
</order-state-change-notification>



Wed Feb 13 12:05:41 NZDT 2008:- <?xml version="1.0" encoding="UTF-8"?>
<risk-information-notification xmlns="http://checkout.google.com/schema/2" serial-number="554833387081172-00005-5">
  <timestamp>2008-02-12T23:05:39.000Z</timestamp>
  <google-order-number>554833387081172</google-order-number>
  <risk-information>
    <billing-address>
      <contact-name>Zhimeng Han</contact-name>
      <company-name></company-name>
      <email>allenthelinuxer@gmail.com</email>
      <phone></phone>
      <fax></fax>
      <address1>19 Lincoln Ave</address1>
      <address2>Epuni</address2>
      <city>Lower Hutt</city>
      <country-code>NZ</country-code>
      <region></region>
      <postal-code>5011</postal-code>
    </billing-address>
    <ip-address>202.20.3.109</ip-address>
    <eligible-for-protection>true</eligible-for-protection>
    <avs-response>Y</avs-response>
    <cvn-response>M</cvn-response>
    <partial-cc-number>2103</partial-cc-number>
    <buyer-account-age>63</buyer-account-age>
  </risk-information>
</risk-information-notification>



Wed Feb 13 12:08:55 NZDT 2008:- <?xml version="1.0" encoding="UTF-8"?>
<new-order-notification xmlns="http://checkout.google.com/schema/2" serial-number="732087935998050-00001-7">
  <timestamp>2008-02-12T22:30:11.000Z</timestamp>
  <shopping-cart>
    <items>
      <item>
        <item-name>item name</item-name>
        <item-description>item desc</item-description>
        <unit-price currency="GBP">10.0</unit-price>
        <quantity>12</quantity>
      </item>
    </items>
  </shopping-cart>
  <order-adjustment>
    <merchant-codes />
    <total-tax currency="GBP">0.0</total-tax>
    <shipping>
      <flat-rate-shipping-adjustment>
        <shipping-name>USPS Priority Mail</shipping-name>
        <shipping-cost currency="GBP">6.2</shipping-cost>
      </flat-rate-shipping-adjustment>
    </shipping>
    <adjustment-total currency="GBP">6.2</adjustment-total>
  </order-adjustment>
  <buyer-id>212841088095588</buyer-id>
  <google-order-number>732087935998050</google-order-number>
  <buyer-shipping-address>
    <contact-name>Zhimeng Han</contact-name>
    <company-name></company-name>
    <email>allenthelinuxer@gmail.com</email>
    <phone></phone>
    <fax></fax>
    <address1>19 Lincoln Ave</address1>
    <address2>Epuni</address2>
    <city>Lower Hutt</city>
    <country-code>NZ</country-code>
    <region></region>
    <postal-code>5011</postal-code>
  </buyer-shipping-address>
  <buyer-billing-address>
    <contact-name>Zhimeng Han</contact-name>
    <company-name></company-name>
    <email>allenthelinuxer@gmail.com</email>
    <phone></phone>
    <fax></fax>
    <address1>19 Lincoln Ave</address1>
    <address2>Epuni</address2>
    <city>Lower Hutt</city>
    <country-code>NZ</country-code>
    <region></region>
    <postal-code>5011</postal-code>
  </buyer-billing-address>
  <buyer-marketing-preferences>
    <email-allowed>true</email-allowed>
  </buyer-marketing-preferences>
  <order-total currency="GBP">126.2</order-total>
  <fulfillment-order-state>NEW</fulfillment-order-state>
  <financial-order-state>REVIEWING</financial-order-state>
</new-order-notification>



Wed Feb 13 12:08:56 NZDT 2008:- <?xml version="1.0" encoding="UTF-8"?>
<order-state-change-notification xmlns="http://checkout.google.com/schema/2" serial-number="732087935998050-00005-1">
  <timestamp>2008-02-12T22:31:27.000Z</timestamp>
  <google-order-number>732087935998050</google-order-number>
  <new-fulfillment-order-state>NEW</new-fulfillment-order-state>
  <new-financial-order-state>CHARGEABLE</new-financial-order-state>
  <previous-fulfillment-order-state>NEW</previous-fulfillment-order-state>
  <previous-financial-order-state>REVIEWING</previous-financial-order-state>
</order-state-change-notification>



Wed Feb 13 12:08:57 NZDT 2008:- <?xml version="1.0" encoding="UTF-8"?>
<risk-information-notification xmlns="http://checkout.google.com/schema/2" serial-number="732087935998050-00005-5">
  <timestamp>2008-02-12T22:31:27.000Z</timestamp>
  <google-order-number>732087935998050</google-order-number>
  <risk-information>
    <billing-address>
      <contact-name>Zhimeng Han</contact-name>
      <company-name></company-name>
      <email>allenthelinuxer@gmail.com</email>
      <phone></phone>
      <fax></fax>
      <address1>19 Lincoln Ave</address1>
      <address2>Epuni</address2>
      <city>Lower Hutt</city>
      <country-code>NZ</country-code>
      <region></region>
      <postal-code>5011</postal-code>
    </billing-address>
    <ip-address>202.20.3.109</ip-address>
    <eligible-for-protection>true</eligible-for-protection>
    <avs-response>Y</avs-response>
    <cvn-response>M</cvn-response>
    <partial-cc-number>2103</partial-cc-number>
    <buyer-account-age>63</buyer-account-age>
  </risk-information>
</risk-information-notification>



Wed Feb 13 12:13:45 NZDT 2008:- <?xml version="1.0" encoding="UTF-8"?>
<new-order-notification xmlns="http://checkout.google.com/schema/2" serial-number="224695309824983-00001-7">
  <timestamp>2008-02-12T22:27:50.000Z</timestamp>
  <shopping-cart>
    <items>
      <item>
        <item-name>item name</item-name>
        <item-description>item desc</item-description>
        <unit-price currency="GBP">10.0</unit-price>
        <quantity>12</quantity>
      </item>
    </items>
  </shopping-cart>
  <order-adjustment>
    <merchant-codes />
    <total-tax currency="GBP">0.0</total-tax>
    <shipping>
      <flat-rate-shipping-adjustment>
        <shipping-name>USPS Priority Mail</shipping-name>
        <shipping-cost currency="GBP">6.2</shipping-cost>
      </flat-rate-shipping-adjustment>
    </shipping>
    <adjustment-total currency="GBP">6.2</adjustment-total>
  </order-adjustment>
  <buyer-id>212841088095588</buyer-id>
  <google-order-number>224695309824983</google-order-number>
  <buyer-shipping-address>
    <contact-name>Zhimeng Han</contact-name>
    <company-name></company-name>
    <email>allenthelinuxer@gmail.com</email>
    <phone></phone>
    <fax></fax>
    <address1>19 Lincoln Ave</address1>
    <address2>Epuni</address2>
    <city>Lower Hutt</city>
    <country-code>NZ</country-code>
    <region></region>
    <postal-code>5011</postal-code>
  </buyer-shipping-address>
  <buyer-billing-address>
    <contact-name>Zhimeng Han</contact-name>
    <company-name></company-name>
    <email>allenthelinuxer@gmail.com</email>
    <phone></phone>
    <fax></fax>
    <address1>19 Lincoln Ave</address1>
    <address2>Epuni</address2>
    <city>Lower Hutt</city>
    <country-code>NZ</country-code>
    <region></region>
    <postal-code>5011</postal-code>
  </buyer-billing-address>
  <buyer-marketing-preferences>
    <email-allowed>true</email-allowed>
  </buyer-marketing-preferences>
  <order-total currency="GBP">126.2</order-total>
  <fulfillment-order-state>NEW</fulfillment-order-state>
  <financial-order-state>REVIEWING</financial-order-state>
</new-order-notification>



Wed Feb 13 12:13:46 NZDT 2008:- <?xml version="1.0" encoding="UTF-8"?>
<order-state-change-notification xmlns="http://checkout.google.com/schema/2" serial-number="224695309824983-00005-1">
  <timestamp>2008-02-12T22:29:04.000Z</timestamp>
  <google-order-number>224695309824983</google-order-number>
  <new-fulfillment-order-state>NEW</new-fulfillment-order-state>
  <new-financial-order-state>CHARGEABLE</new-financial-order-state>
  <previous-fulfillment-order-state>NEW</previous-fulfillment-order-state>
  <previous-financial-order-state>REVIEWING</previous-financial-order-state>
</order-state-change-notification>



Wed Feb 13 12:13:48 NZDT 2008:- <?xml version="1.0" encoding="UTF-8"?>
<risk-information-notification xmlns="http://checkout.google.com/schema/2" serial-number="224695309824983-00005-5">
  <timestamp>2008-02-12T22:29:04.000Z</timestamp>
  <google-order-number>224695309824983</google-order-number>
  <risk-information>
    <billing-address>
      <contact-name>Zhimeng Han</contact-name>
      <company-name></company-name>
      <email>allenthelinuxer@gmail.com</email>
      <phone></phone>
      <fax></fax>
      <address1>19 Lincoln Ave</address1>
      <address2>Epuni</address2>
      <city>Lower Hutt</city>
      <country-code>NZ</country-code>
      <region></region>
      <postal-code>5011</postal-code>
    </billing-address>
    <ip-address>202.20.3.109</ip-address>
    <eligible-for-protection>true</eligible-for-protection>
    <avs-response>Y</avs-response>
    <cvn-response>M</cvn-response>
    <partial-cc-number>2103</partial-cc-number>
    <buyer-account-age>63</buyer-account-age>
  </risk-information>
</risk-information-notification>



Wed Feb 13 12:16:02 NZDT 2008:- <?xml version="1.0" encoding="UTF-8"?>
<new-order-notification xmlns="http://checkout.google.com/schema/2" serial-number="940550536492620-00001-7">
  <timestamp>2008-02-12T22:37:11.000Z</timestamp>
  <shopping-cart>
    <items>
      <item>
        <item-name>item name</item-name>
        <item-description>item desc</item-description>
        <unit-price currency="GBP">10.0</unit-price>
        <quantity>12</quantity>
      </item>
    </items>
  </shopping-cart>
  <order-adjustment>
    <merchant-codes />
    <total-tax currency="GBP">0.0</total-tax>
    <shipping>
      <flat-rate-shipping-adjustment>
        <shipping-name>USPS Priority Mail</shipping-name>
        <shipping-cost currency="GBP">6.2</shipping-cost>
      </flat-rate-shipping-adjustment>
    </shipping>
    <adjustment-total currency="GBP">6.2</adjustment-total>
  </order-adjustment>
  <buyer-id>212841088095588</buyer-id>
  <google-order-number>940550536492620</google-order-number>
  <buyer-shipping-address>
    <contact-name>Zhimeng Han</contact-name>
    <company-name></company-name>
    <email>allenthelinuxer@gmail.com</email>
    <phone></phone>
    <fax></fax>
    <address1>19 Lincoln Ave</address1>
    <address2>Epuni</address2>
    <city>Lower Hutt</city>
    <country-code>NZ</country-code>
    <region></region>
    <postal-code>5011</postal-code>
  </buyer-shipping-address>
  <buyer-billing-address>
    <contact-name>Zhimeng Han</contact-name>
    <company-name></company-name>
    <email>allenthelinuxer@gmail.com</email>
    <phone></phone>
    <fax></fax>
    <address1>19 Lincoln Ave</address1>
    <address2>Epuni</address2>
    <city>Lower Hutt</city>
    <country-code>NZ</country-code>
    <region></region>
    <postal-code>5011</postal-code>
  </buyer-billing-address>
  <buyer-marketing-preferences>
    <email-allowed>true</email-allowed>
  </buyer-marketing-preferences>
  <order-total currency="GBP">126.2</order-total>
  <fulfillment-order-state>NEW</fulfillment-order-state>
  <financial-order-state>REVIEWING</financial-order-state>
</new-order-notification>



Wed Feb 13 12:16:04 NZDT 2008:- <?xml version="1.0" encoding="UTF-8"?>
<order-state-change-notification xmlns="http://checkout.google.com/schema/2" serial-number="940550536492620-00005-1">
  <timestamp>2008-02-12T22:38:15.000Z</timestamp>
  <google-order-number>940550536492620</google-order-number>
  <new-fulfillment-order-state>NEW</new-fulfillment-order-state>
  <new-financial-order-state>CHARGEABLE</new-financial-order-state>
  <previous-fulfillment-order-state>NEW</previous-fulfillment-order-state>
  <previous-financial-order-state>REVIEWING</previous-financial-order-state>
</order-state-change-notification>



Wed Feb 13 12:16:05 NZDT 2008:- <?xml version="1.0" encoding="UTF-8"?>
<risk-information-notification xmlns="http://checkout.google.com/schema/2" serial-number="940550536492620-00005-5">
  <timestamp>2008-02-12T22:38:15.000Z</timestamp>
  <google-order-number>940550536492620</google-order-number>
  <risk-information>
    <billing-address>
      <contact-name>Zhimeng Han</contact-name>
      <company-name></company-name>
      <email>allenthelinuxer@gmail.com</email>
      <phone></phone>
      <fax></fax>
      <address1>19 Lincoln Ave</address1>
      <address2>Epuni</address2>
      <city>Lower Hutt</city>
      <country-code>NZ</country-code>
      <region></region>
      <postal-code>5011</postal-code>
    </billing-address>
    <ip-address>202.20.3.109</ip-address>
    <eligible-for-protection>true</eligible-for-protection>
    <avs-response>Y</avs-response>
    <cvn-response>M</cvn-response>
    <partial-cc-number>2103</partial-cc-number>
    <buyer-account-age>63</buyer-account-age>
  </risk-information>
</risk-information-notification>



Wed Feb 13 12:20:15 NZDT 2008:- <?xml version="1.0" encoding="UTF-8"?>
<new-order-notification xmlns="http://checkout.google.com/schema/2" serial-number="438651756105232-00001-7">
  <timestamp>2008-02-12T22:33:25.000Z</timestamp>
  <shopping-cart>
    <items>
      <item>
        <item-name>item name</item-name>
        <item-description>item desc</item-description>
        <unit-price currency="GBP">10.0</unit-price>
        <quantity>12</quantity>
      </item>
    </items>
  </shopping-cart>
  <order-adjustment>
    <merchant-codes />
    <total-tax currency="GBP">0.0</total-tax>
    <shipping>
      <flat-rate-shipping-adjustment>
        <shipping-name>USPS Priority Mail</shipping-name>
        <shipping-cost currency="GBP">6.2</shipping-cost>
      </flat-rate-shipping-adjustment>
    </shipping>
    <adjustment-total currency="GBP">6.2</adjustment-total>
  </order-adjustment>
  <buyer-id>212841088095588</buyer-id>
  <google-order-number>438651756105232</google-order-number>
  <buyer-shipping-address>
    <contact-name>Zhimeng Han</contact-name>
    <company-name></company-name>
    <email>allenthelinuxer@gmail.com</email>
    <phone></phone>
    <fax></fax>
    <address1>19 Lincoln Ave</address1>
    <address2>Epuni</address2>
    <city>Lower Hutt</city>
    <country-code>NZ</country-code>
    <region></region>
    <postal-code>5011</postal-code>
  </buyer-shipping-address>
  <buyer-billing-address>
    <contact-name>Zhimeng Han</contact-name>
    <company-name></company-name>
    <email>allenthelinuxer@gmail.com</email>
    <phone></phone>
    <fax></fax>
    <address1>19 Lincoln Ave</address1>
    <address2>Epuni</address2>
    <city>Lower Hutt</city>
    <country-code>NZ</country-code>
    <region></region>
    <postal-code>5011</postal-code>
  </buyer-billing-address>
  <buyer-marketing-preferences>
    <email-allowed>true</email-allowed>
  </buyer-marketing-preferences>
  <order-total currency="GBP">126.2</order-total>
  <fulfillment-order-state>NEW</fulfillment-order-state>
  <financial-order-state>REVIEWING</financial-order-state>
</new-order-notification>



Wed Feb 13 12:20:17 NZDT 2008:- <?xml version="1.0" encoding="UTF-8"?>
<order-state-change-notification xmlns="http://checkout.google.com/schema/2" serial-number="438651756105232-00005-1">
  <timestamp>2008-02-12T22:34:39.000Z</timestamp>
  <google-order-number>438651756105232</google-order-number>
  <new-fulfillment-order-state>NEW</new-fulfillment-order-state>
  <new-financial-order-state>CHARGEABLE</new-financial-order-state>
  <previous-fulfillment-order-state>NEW</previous-fulfillment-order-state>
  <previous-financial-order-state>REVIEWING</previous-financial-order-state>
</order-state-change-notification>



Wed Feb 13 12:20:18 NZDT 2008:- <?xml version="1.0" encoding="UTF-8"?>
<risk-information-notification xmlns="http://checkout.google.com/schema/2" serial-number="438651756105232-00005-5">
  <timestamp>2008-02-12T22:34:39.000Z</timestamp>
  <google-order-number>438651756105232</google-order-number>
  <risk-information>
    <billing-address>
      <contact-name>Zhimeng Han</contact-name>
      <company-name></company-name>
      <email>allenthelinuxer@gmail.com</email>
      <phone></phone>
      <fax></fax>
      <address1>19 Lincoln Ave</address1>
      <address2>Epuni</address2>
      <city>Lower Hutt</city>
      <country-code>NZ</country-code>
      <region></region>
      <postal-code>5011</postal-code>
    </billing-address>
    <ip-address>202.20.3.109</ip-address>
    <eligible-for-protection>true</eligible-for-protection>
    <avs-response>Y</avs-response>
    <cvn-response>M</cvn-response>
    <partial-cc-number>2103</partial-cc-number>
    <buyer-account-age>63</buyer-account-age>
  </risk-information>
</risk-information-notification>


